
Copyright (C) 1994-2021 Synopsys, Inc.
This Synopsys software and all associated documentation are proprietary to Synopsys, Inc.
and may only be used pursuant to the terms and conditions of a written license agreement
with Synopsys, Inc. All other use, reproduction, modification, or distribution of the
Synopsys software or the associated documentation is strictly prohibited.
Tool: HAPS (R) ProtoCompiler 100
Build: R-2020.12-SP1-1
Install: /usr/cadtool/csr5306/synopsys/protocomp/R-2020.12-SP1-1
OS: CentOS release 6.10 (Final)
Hostname: ws25
max virtual memory: unlimited (bytes)
max user processes: 1024
max stack size: 10485760 (bytes)


Database state : /home/course/csr530604/final_project/CONV/|pp0

# Written on Thu Apr 20 12:39:54 2023

##### FILES SYNTAX CHECKED ##############################################
Constraint File(s):      "/home/course/csr530604/final_project/top_ucdb/cclock_map.tcl"
                         "/home/course/csr530604/final_project/design.fdc"

#Run constraint checker to find more issues with constraints.
#########################################################################



No issues found in constraint syntax.

