
Copyright (C) 1994-2021 Synopsys, Inc.
This Synopsys software and all associated documentation are proprietary to Synopsys, Inc.
and may only be used pursuant to the terms and conditions of a written license agreement
with Synopsys, Inc. All other use, reproduction, modification, or distribution of the
Synopsys software or the associated documentation is strictly prohibited.
Tool: HAPS (R) ProtoCompiler 100
Build: R-2020.12-SP1-1
Install: /usr/cadtool/csr5306/synopsys/protocomp/R-2020.12-SP1-1
OS: CentOS release 6.10 (Final)
Hostname: ws25
max virtual memory: unlimited (bytes)
max user processes: 1024
max stack size: 10485760 (bytes)


Database state : /home/course/csr530604/final_project/CONV/|pa0
Synopsys Partitioner, Version map202012pcp4, Build 193R, Built Apr  8 2022 21:27:09, @4216327

##############################################################################
########################## TDM QUALIFIED NETS ##########################
##############################################################################
TDM Qualification type: all
Qualified Nets  Source FPGA  Sink FPGA(s)  Sink Instance                      Driver Instance                               Source Clock  Dest Clock  Clock Group  Slack   
-------------------------------------------------------------------------------------------------------------------------------------------------------------------------
reset           FB1.uA       FB1.uB        FB1.uB.aptn_reset_sync_reset.D[0]  FB1.uA.hyper_connect_USR_LOCAL_RESET.out1[0]  N/A           N/A         N/A          100000  
=========================================================================================================================================================================
